Loading: js/038d897.ttpkg.js
fmt B
struct_size 1
data struct_size b'T' 1
data struct_size b'T'
fmt   zfilldata B b'T'
fmt, data B b'T' (84,)
fmt B
struct_size 1
data struct_size b'P' 1
data struct_size b'P'
fmt   zfilldata B b'P'
fmt, data B b'P' (80,)
fmt B
struct_size 1
data struct_size b'K' 1
data struct_size b'K'
fmt   zfilldata B b'K'
fmt, data B b'K' (75,)
fmt B
struct_size 1
data struct_size b'G' 1
data struct_size b'G'
fmt   zfilldata B b'G'
fmt, data B b'G' (71,)
TPKG
fmt <i
struct_size 4
data struct_size b'\x02\x00\x00\x00' 4
data struct_size b'\x02\x00\x00\x00'
fmt   zfilldata <i b'\x02\x00\x00\x00'
fmt, data <i b'\x02\x00\x00\x00' (2,)
8
12
fmt i
struct_size 4
data struct_size b'\x1e\x00\x00\x00' 4
data struct_size b'\x1e\x00\x00\x00'
fmt   zfilldata i b'\x1e\x00\x00\x00'
fmt, data i b'\x1e\x00\x00\x00' (30,)
count 30
fmt i
struct_size 4
data struct_size b'\x0f\x00\x00\x00' 4
data struct_size b'\x0f\x00\x00\x00'
fmt   zfilldata i b'\x0f\x00\x00\x00'
fmt, data i b'\x0f\x00\x00\x00' (15,)
name_length 15
fmt <15s
struct_size 15
data struct_size b'app-config.json' 15
data struct_size b'app-config.json'
fmt   zfilldata <15s b'app-config.json'
fmt, data <15s b'app-config.json' (b'app-config.json',)
file_data b'app-config.json'
fmt =i
struct_size 4
data struct_size b'+\x05\x00\x00' 4
data struct_size b'+\x05\x00\x00'
fmt   zfilldata =i b'+\x05\x00\x00'
fmt, data =i b'+\x05\x00\x00' (1323,)
fmt =i
struct_size 4
data struct_size b'\x9c\x07\x00\x00' 4
data struct_size b'\x9c\x07\x00\x00'
fmt   zfilldata =i b'\x9c\x07\x00\x00'
fmt, data =i b'\x9c\x07\x00\x00' (1948,)
Unpacking: app-config.json
11111
